<?xml version="1.0" encoding="UTF-8"?>
<!-- Generated by org.testng.reporters.JUnitXMLReporter -->
<testsuite ignored="0" hostname="INLSWAT9C0" failures="2" tests="4" name="PetSets" time="19.678" errors="0" timestamp="2024-03-08T23:15:11 IST">
  <testcase classname="api.test.UsersTests2" name="testPostuser" time="6.022">
    <failure type="java.lang.AssertionError" message="expected [200] but found [404]">
      <![CDATA[java.lang.AssertionError: expected [200] but found [404]
at api.test.UsersTests2.testPostuser(UsersTests2.java:37)
at java.base/java.util.ArrayList.forEach(ArrayList.java:1596)
... Removed 35 stack frames]]>
    </failure>
  </testcase> <!-- testPostuser -->
  <testcase classname="api.test.UsersTests2" name="testGetUserByName" time="2.32">
    <failure type="java.lang.AssertionError" message="expected [200] but found [404]">
      <![CDATA[java.lang.AssertionError: expected [200] but found [404]
at api.test.UsersTests2.testGetUserByName(UsersTests2.java:46)
at java.base/java.util.ArrayList.forEach(ArrayList.java:1596)
... Removed 35 stack frames]]>
    </failure>
  </testcase> <!-- testGetUserByName -->
  <testcase classname="api.test.UsersTests2" name="testUpdatUserByName" time="6.75"/>
  <testcase classname="api.test.UsersTests2" name="testDeleteUserByName" time="3.934"/>
</testsuite> <!-- PetSets -->
