<?xml version="1.0" encoding="UTF-8"?>
<!-- Generated by org.testng.reporters.JUnitXMLReporter -->
<testsuite ignored="0" hostname="INLSWAT9C0" failures="3" tests="4" name="PetSets" time="8.659" errors="0" timestamp="2024-03-04T11:47:39 IST">
  <testcase classname="api.test.UsersTests2" name="testPostuser" time="3.42">
    <failure type="java.lang.AssertionError" message="expected [200] but found [404]">
      <![CDATA[java.lang.AssertionError: expected [200] but found [404]
at api.test.UsersTests2.testPostuser(UsersTests2.java:37)
at java.base/java.util.ArrayList.forEach(ArrayList.java:1511)
... Removed 33 stack frames]]>
    </failure>
  </testcase> <!-- testPostuser -->
  <testcase classname="api.test.UsersTests2" name="testGetUserByName" time="1.192">
    <failure type="java.lang.AssertionError" message="expected [200] but found [404]">
      <![CDATA[java.lang.AssertionError: expected [200] but found [404]
at api.test.UsersTests2.testGetUserByName(UsersTests2.java:46)
at java.base/java.util.ArrayList.forEach(ArrayList.java:1511)
... Removed 33 stack frames]]>
    </failure>
  </testcase> <!-- testGetUserByName -->
  <testcase classname="api.test.UsersTests2" name="testUpdatUserByName" time="2.331"/>
  <testcase classname="api.test.UsersTests2" name="testDeleteUserByName" time="1.186">
    <failure type="java.lang.AssertionError" message="expected [204] but found [200]">
      <![CDATA[java.lang.AssertionError: expected [204] but found [200]
at api.test.UsersTests2.testDeleteUserByName(UsersTests2.java:70)
at java.base/java.util.ArrayList.forEach(ArrayList.java:1511)
... Removed 33 stack frames]]>
    </failure>
  </testcase> <!-- testDeleteUserByName -->
</testsuite> <!-- PetSets -->
